#
# There is insufficient memory for the Java Runtime Environment to continue.
# Native memory allocation (malloc) failed to allocate 1048576 bytes for AllocateHeap
# Possible reasons:
#   The system is out of physical RAM or swap space
#   In 32 bit mode, the process size limit was hit
# Possible solutions:
#   Reduce memory load on the system
#   Increase physical memory or swap space
#   Check if swap backing store is full
#   Use 64 bit Java on a 64 bit OS
#   Decrease Java heap size (-Xmx/-Xms)
#   Decrease number of Java threads
#   Decrease Java thread stack sizes (-Xss)
#   Set larger code cache with -XX:ReservedCodeCacheSize=
# This output file may be truncated or incomplete.
#
#  Out of Memory Error (memory/allocation.inline.hpp:61), pid=3608, tid=0x00000000000002e8
#
# JRE version:  (8.0_171-b11) (build )
# Java VM: Java HotSpot(TM) 64-Bit Server VM (25.171-b11 mixed mode windows-amd64 compressed oops)
# Failed to write core dump. Minidumps are not enabled by default on client versions of Windows
#

---------------  T H R E A D  ---------------

Current thread (0x000000000214e000):  JavaThread "Unknown thread" [_thread_in_vm, id=744, stack(0x00000000021f0000,0x00000000022f0000)]

Stack: [0x00000000021f0000,0x00000000022f0000]
[error occurred during error reporting (printing stack bounds), id 0xc0000005]

Native frames: (J=compiled Java code, j=interpreted, Vv=VM code, C=native code)


---------------  P R O C E S S  ---------------

Java Threads: ( => current thread )

Other Threads:

=>0x000000000214e000 (exited) JavaThread "Unknown thread" [_thread_in_vm, id=744, stack(0x00000000021f0000,0x00000000022f0000)]

VM state:not at safepoint (normal execution)

VM Mutex/Monitor currently owned by a thread: None

Heap:
 PSYoungGen      total 17408K, used 307K [0x00000000ed380000, 0x00000000ee680000, 0x0000000100000000)
  eden space 15360K, 2% used [0x00000000ed380000,0x00000000ed3cccd8,0x00000000ee280000)
  from space 2048K, 0% used [0x00000000ee480000,0x00000000ee480000,0x00000000ee680000)
  to   space 2048K, 0% used [0x00000000ee280000,0x00000000ee280000,0x00000000ee480000)
 ParOldGen       total 39936K, used 0K [0x00000000c7a00000, 0x00000000ca100000, 0x00000000ed380000)
  object space 39936K, 0% used [0x00000000c7a00000,0x00000000c7a00000,0x00000000ca100000)
 Metaspace       used 774K, capacity 4480K, committed 4480K, reserved 1056768K
  class space    used 76K, capacity 384K, committed 384K, reserved 1048576K

Card table byte_map: [0x00000000117b0000,0x0000000011980000] byte_map_base: 0x0000000011173000

Marking Bits: (ParMarkBitMap*) 0x0000000074f408c0
 Begin Bits: [0x0000000011eb0000, 0x0000000012cc8000)
 End Bits:   [0x0000000012cc8000, 0x0000000013ae0000)

Polling page: 0x0000000002120000

CodeCache: size=245760Kb used=328Kb max_used=328Kb free=245431Kb
 bounds [0x00000000023f0000, 0x0000000002660000, 0x00000000113f0000]
 total_blobs=58 nmethods=0 adapters=38
 compilation: enabled

Compilation events (0 events):
No events

GC Heap History (0 events):
No events

Deoptimization events (0 events):
No events

Classes redefined (0 events):
No events

Internal exceptions (0 events):
No events

Events (10 events):
Event: 0.050 loading class java/lang/Short
Event: 0.050 loading class java/lang/Short done
Event: 0.050 loading class java/lang/Integer
Event: 0.051 loading class java/lang/Integer done
Event: 0.051 loading class java/lang/Long
Event: 0.051 loading class java/lang/Long done
Event: 0.052 loading class java/lang/NullPointerException
Event: 0.052 loading class java/lang/NullPointerException done
Event: 0.052 loading class java/lang/ArithmeticException
Event: 0.052 loading class java/lang/ArithmeticException done


Dynamic libraries:
0x00007ff660820000 - 0x00007ff660857000 	C:\Program Files\Java\jdk1.8.0_171\bin\java.exe
0x00007ff93d620000 - 0x00007ff93d7e1000 	C:\Windows\SYSTEM32\ntdll.dll
0x00007ff93d480000 - 0x00007ff93d52d000 	C:\Windows\system32\KERNEL32.DLL
0x00007ff93a9f0000 - 0x00007ff93abcd000 	C:\Windows\system32\KERNELBASE.dll
0x00007ff93ad00000 - 0x00007ff93ada6000 	C:\Windows\system32\ADVAPI32.dll
0x00007ff93d580000 - 0x00007ff93d61d000 	C:\Windows\system32\msvcrt.dll
0x00007ff93b1c0000 - 0x00007ff93b21b000 	C:\Windows\system32\sechost.dll
0x00007ff93ae10000 - 0x00007ff93af36000 	C:\Windows\system32\RPCRT4.dll
0x00007ff93d260000 - 0x00007ff93d3ae000 	C:\Windows\system32\USER32.dll
0x00007ff93b780000 - 0x00007ff93b906000 	C:\Windows\system32\GDI32.dll
0x00007ff927130000 - 0x00007ff9273a4000 	C:\Windows\WinSxS\amd64_microsoft.windows.common-controls_6595b64144ccf1df_6.0.10240.16384_none_f41f7b285750ef43\COMCTL32.dll
0x00007ff93d530000 - 0x00007ff93d566000 	C:\Windows\system32\IMM32.DLL
0x00007ff93b370000 - 0x00007ff93b4cc000 	C:\Windows\system32\MSCTF.dll
0x0000000074640000 - 0x0000000074712000 	C:\Program Files\Java\jdk1.8.0_171\jre\bin\msvcr100.dll
0x0000000074720000 - 0x0000000074fc0000 	C:\Program Files\Java\jdk1.8.0_171\jre\bin\server\jvm.dll
0x00007ff93d570000 - 0x00007ff93d578000 	C:\Windows\system32\PSAPI.DLL
0x00007ff92c010000 - 0x00007ff92c019000 	C:\Windows\SYSTEM32\WSOCK32.dll
0x00007ff925d90000 - 0x00007ff925db3000 	C:\Windows\SYSTEM32\WINMM.dll
0x00007ff931560000 - 0x00007ff93156a000 	C:\Windows\SYSTEM32\VERSION.dll
0x00007ff93ce40000 - 0x00007ff93cea9000 	C:\Windows\system32\WS2_32.dll
0x00007ff93acf0000 - 0x00007ff93acf8000 	C:\Windows\system32\NSI.dll
0x00000000020d0000 - 0x00000000020fc000 	C:\Windows\SYSTEM32\WINMMBASE.dll
0x00007ff93a9a0000 - 0x00007ff93a9e4000 	C:\Windows\system32\cfgmgr32.dll
0x00007ff9389c0000 - 0x00007ff9389e7000 	C:\Windows\SYSTEM32\DEVOBJ.dll
0x00000000745f0000 - 0x00000000745ff000 	C:\Program Files\Java\jdk1.8.0_171\jre\bin\verify.dll
0x00000000745c0000 - 0x00000000745e9000 	C:\Program Files\Java\jdk1.8.0_171\jre\bin\java.dll
0x00000000745a0000 - 0x00000000745b6000 	C:\Program Files\Java\jdk1.8.0_171\jre\bin\zip.dll

VM Arguments:
jvm_args: -Dfile.encoding=UTF-8 
java_command: beSkilled.PrimeTest
java_class_path (initial): F:\git\mygit\interview_and_writing_topics\indiabix_Operators_and_Assignments\build\classes
Launcher Type: SUN_STANDARD

Environment Variables:
JAVA_HOME=C:\Program Files\Java\jdk1.8.0_171
PATH=C:\Program Files (x86)\Common Files\Oracle\Java\javapath;C:\Windows\system32;C:\Windows;C:\Windows\System32\Wbem;C:\Windows\System32\WindowsPowerShell\v1.0\;C:\Program Files\Java\jdk1.8.0_171\bin;C:\Program Files\Git\cmd;C:\Program Files\Git\mingw64\bin;C:\Program Files\Git\usr\bin
USERNAME=Mostafizur
OS=Windows_NT
PROCESSOR_IDENTIFIER=Intel64 Family 6 Model 142 Stepping 9, GenuineIntel



---------------  S Y S T E M  ---------------

OS: Windows 10.0 , 64 bit Build 10240 (10.0.10240.16384)

CPU:total 4 (initial active 4) (2 cores per cpu, 2 threads per core) family 6 model 142 stepping 9, cmov, cx8, fxsr, mmx, sse, sse2, sse3, ssse3, sse4.1, sse4.2, popcnt, avx, avx2, aes, clmul, erms, 3dnowpref, lzcnt, ht, tsc, tscinvbit, bmi1, bmi2, adx

Memory: 4k page, physical 3687212k(569876k free), swap 15221548k(5596k free)

vm_info: Java HotSpot(TM) 64-Bit Server VM (25.171-b11) for windows-amd64 JRE (1.8.0_171-b11), built on Mar 28 2018 16:06:12 by "java_re" with MS VC++ 10.0 (VS2010)

time: Thu May 09 01:37:11 2019
elapsed time: 0 seconds (0d 0h 0m 0s)

